# JRE version: Java(TM) SE Runtime Environment (7.0_71-b14) (build 1.7.0_71-b14)
# Java VM: Java HotSpot(TM) Client VM (24.71-b01 mixed mode windows-x86 )
Heap
 par new generation   total 18432K, used 9571K [0x04600000, 0x05a00000, 0x0f0a0000)
  eden space 16384K,  46% used [0x04600000, 0x04d723e8, 0x05600000)
  from space 2048K,  95% used [0x05600000, 0x057e6828, 0x05800000)
  to   space 2048K,   0% used [0x05800000, 0x05800000, 0x05a00000)
 concurrent mark-sweep generation total 62340K, used 41438K [0x0f0a0000, 0x12d81000, 0x24600000)
 concurrent-mark-sweep perm gen total 65536K, used 44659K [0x24600000, 0x28600000, 0x28600000)
GC Heap History (10 events):
Event: 5312.861 GC heap before
{Heap before GC invocations=175 (full 13):
 par new generation   total 18432K, used 17414K [0x04600000, 0x05a00000, 0x0f0a0000)
  eden space 16384K, 100% used [0x04600000, 0x05600000, 0x05600000)
  from space 2048K,  50% used [0x05800000, 0x05901970, 0x05a00000)
  to   space 2048K,   0% used [0x05600000, 0x05600000, 0x05800000)
 concurrent mark-sweep generation total 62340K, used 32919K [0x0f0a0000, 0x12d81000, 0x24600000)
 concurrent-mark-sweep perm gen total 65536K, used 44258K [0x24600000, 0x28600000, 0x28600000)
Event: 5312.869 GC heap after
Heap after GC invocations=176 (full 13):
 par new generation   total 18432K, used 2048K [0x04600000, 0x05a00000, 0x0f0a0000)
  eden space 16384K,   0% used [0x04600000, 0x04600000, 0x05600000)
  from space 2048K, 100% used [0x05600000, 0x05800000, 0x05800000)
  to   space 2048K,   0% used [0x05800000, 0x05800000, 0x05a00000)
 concurrent mark-sweep generation total 62340K, used 33616K [0x0f0a0000, 0x12d81000, 0x24600000)
 concurrent-mark-sweep perm gen total 65536K, used 44258K [0x24600000, 0x28600000, 0x28600000)
}
Event: 5329.456 GC heap before
{Heap before GC invocations=176 (full 13):
 par new generation   total 18432K, used 18432K [0x04600000, 0x05a00000, 0x0f0a0000)
  eden space 16384K, 100% used [0x04600000, 0x05600000, 0x05600000)
  from space 2048K, 100% used [0x05600000, 0x05800000, 0x05800000)
  to   space 2048K,   0% used [0x05800000, 0x05800000, 0x05a00000)
 concurrent mark-sweep generation total 62340K, used 33616K [0x0f0a0000, 0x12d81000, 0x24600000)
 concurrent-mark-sweep perm gen total 65536K, used 44258K [0x24600000, 0x28600000, 0x28600000)
Event: 5329.465 GC heap after
Heap after GC invocations=177 (full 13):
 par new generation   total 18432K, used 2048K [0x04600000, 0x05a00000, 0x0f0a0000)
  eden space 16384K,   0% used [0x04600000, 0x04600000, 0x05600000)
  from space 2048K, 100% used [0x05800000, 0x05a00000, 0x05a00000)
  to   space 2048K,   0% used [0x05600000, 0x05600000, 0x05800000)
 concurrent mark-sweep generation total 62340K, used 35870K [0x0f0a0000, 0x12d81000, 0x24600000)
 concurrent-mark-sweep perm gen total 65536K, used 44258K [0x24600000, 0x28600000, 0x28600000)
}
Event: 5329.984 GC heap before
{Heap before GC invocations=177 (full 13):
 par new generation   total 18432K, used 18432K [0x04600000, 0x05a00000, 0x0f0a0000)
  eden space 16384K, 100% used [0x04600000, 0x05600000, 0x05600000)
  from space 2048K, 100% used [0x05800000, 0x05a00000, 0x05a00000)
  to   space 2048K,   0% used [0x05600000, 0x05600000, 0x05800000)
 concurrent mark-sweep generation total 62340K, used 35870K [0x0f0a0000, 0x12d81000, 0x24600000)
 concurrent-mark-sweep perm gen total 65536K, used 44258K [0x24600000, 0x28600000, 0x28600000)
Event: 5329.993 GC heap after
Heap after GC invocations=178 (full 13):
 par new generation   total 18432K, used 2048K [0x04600000, 0x05a00000, 0x0f0a0000)
  eden space 16384K,   0% used [0x04600000, 0x04600000, 0x05600000)
  from space 2048K, 100% used [0x05600000, 0x05800000, 0x05800000)
  to   space 2048K,   0% used [0x05800000, 0x05800000, 0x05a00000)
 concurrent mark-sweep generation total 62340K, used 38224K [0x0f0a0000, 0x12d81000, 0x24600000)
 concurrent-mark-sweep perm gen total 65536K, used 44258K [0x24600000, 0x28600000, 0x28600000)
}
Event: 5353.554 GC heap before
{Heap before GC invocations=178 (full 13):
 par new generation   total 18432K, used 18432K [0x04600000, 0x05a00000, 0x0f0a0000)
  eden space 16384K, 100% used [0x04600000, 0x05600000, 0x05600000)
  from space 2048K, 100% used [0x05600000, 0x05800000, 0x05800000)
  to   space 2048K,   0% used [0x05800000, 0x05800000, 0x05a00000)
 concurrent mark-sweep generation total 62340K, used 38224K [0x0f0a0000, 0x12d81000, 0x24600000)
 concurrent-mark-sweep perm gen total 65536K, used 44273K [0x24600000, 0x28600000, 0x28600000)
Event: 5353.568 GC heap after
Heap after GC invocations=179 (full 13):
 par new generation   total 18432K, used 2048K [0x04600000, 0x05a00000, 0x0f0a0000)
  eden space 16384K,   0% used [0x04600000, 0x04600000, 0x05600000)
  from space 2048K, 100% used [0x05800000, 0x05a00000, 0x05a00000)
  to   space 2048K,   0% used [0x05600000, 0x05600000, 0x05800000)
 concurrent mark-sweep generation total 62340K, used 40387K [0x0f0a0000, 0x12d81000, 0x24600000)
 concurrent-mark-sweep perm gen total 65536K, used 44273K [0x24600000, 0x28600000, 0x28600000)
}
Event: 5357.723 GC heap before
{Heap before GC invocations=179 (full 13):
 par new generation   total 18432K, used 18432K [0x04600000, 0x05a00000, 0x0f0a0000)
  eden space 16384K, 100% used [0x04600000, 0x05600000, 0x05600000)
  from space 2048K, 100% used [0x05800000, 0x05a00000, 0x05a00000)
  to   space 2048K,   0% used [0x05600000, 0x05600000, 0x05800000)
 concurrent mark-sweep generation total 62340K, used 40387K [0x0f0a0000, 0x12d81000, 0x24600000)
 concurrent-mark-sweep perm gen total 65536K, used 44274K [0x24600000, 0x28600000, 0x28600000)
Event: 5357.737 GC heap after
Heap after GC invocations=180 (full 13):
 par new generation   total 18432K, used 1946K [0x04600000, 0x05a00000, 0x0f0a0000)
  eden space 16384K,   0% used [0x04600000, 0x04600000, 0x05600000)
  from space 2048K,  95% used [0x05600000, 0x057e6828, 0x05800000)
  to   space 2048K,   0% used [0x05800000, 0x05800000, 0x05a00000)
 concurrent mark-sweep generation total 62340K, used 41438K [0x0f0a0000, 0x12d81000, 0x24600000)
 concurrent-mark-sweep perm gen total 65536K, used 44274K [0x24600000, 0x28600000, 0x28600000)
}

